<?xml version="1.0" encoding="UTF-8" standalone="no"?>
<!DOCTYPE log SYSTEM "logger.dtd">
<log>
<record>
  <date>2026-03-26T18:30:06.893480200Z</date>
  <millis>1774549806893</millis>
  <nanos>480200</nanos>
  <sequence>3</sequence>
  <logger>group7.capstone.APIController.GoogleMapsAPIController</logger>
  <level>INFO</level>
  <class>group7.capstone.APIController.GoogleMapsAPIController</class>
  <method>getStreet</method>
  <thread>1</thread>
  <message>finding closest road to: lat=45.4191133, lon=-75.6995299</message>
</record>
<record>
  <date>2026-03-26T18:30:07.465717100Z</date>
  <millis>1774549807465</millis>
  <nanos>717100</nanos>
  <sequence>4</sequence>
  <logger>group7.capstone.APIController.GoogleMapsAPIController</logger>
  <level>INFO</level>
  <class>group7.capstone.APIController.GoogleMapsAPIController</class>
  <method>getStreet</method>
  <thread>1</thread>
  <message>result returned properly</message>
</record>
<record>
  <date>2026-03-26T18:30:07.504236500Z</date>
  <millis>1774549807504</millis>
  <nanos>236500</nanos>
  <sequence>5</sequence>
  <logger>group7.capstone.APIController.GoogleMapsAPIController</logger>
  <level>INFO</level>
  <class>group7.capstone.APIController.GoogleMapsAPIController</class>
  <method>getStreet</method>
  <thread>1</thread>
  <message>exiting getStreet function</message>
</record>
<record>
  <date>2026-03-26T18:30:07.787449100Z</date>
  <millis>1774549807787</millis>
  <nanos>449100</nanos>
  <sequence>6</sequence>
  <logger>group7.capstone.APIController.GoogleMapsAPIController</logger>
  <level>INFO</level>
  <class>group7.capstone.APIController.GoogleMapsAPIController</class>
  <method>getStreet</method>
  <thread>1</thread>
  <message>finding closest road to: lat=45.419101525036545, lon=-75.69955529268233</message>
</record>
<record>
  <date>2026-03-26T18:30:07.838795600Z</date>
  <millis>1774549807838</millis>
  <nanos>795600</nanos>
  <sequence>7</sequence>
  <logger>group7.capstone.APIController.GoogleMapsAPIController</logger>
  <level>INFO</level>
  <class>group7.capstone.APIController.GoogleMapsAPIController</class>
  <method>getStreet</method>
  <thread>1</thread>
  <message>result returned properly</message>
</record>
<record>
  <date>2026-03-26T18:30:07.840794700Z</date>
  <millis>1774549807840</millis>
  <nanos>794700</nanos>
  <sequence>8</sequence>
  <logger>group7.capstone.APIController.GoogleMapsAPIController</logger>
  <level>INFO</level>
  <class>group7.capstone.APIController.GoogleMapsAPIController</class>
  <method>getStreet</method>
  <thread>1</thread>
  <message>exiting getStreet function</message>
</record>
<record>
  <date>2026-03-26T18:30:08.580294700Z</date>
  <millis>1774549808580</millis>
  <nanos>294700</nanos>
  <sequence>9</sequence>
  <logger>group7.capstone.APIController.GoogleMapsAPIController</logger>
  <level>INFO</level>
  <class>group7.capstone.APIController.GoogleMapsAPIController</class>
  <method>GetMapImage</method>
  <thread>47</thread>
  <message>requesting map from: lat=45.419101525036545, lon=-75.69955529268233</message>
</record>
<record>
  <date>2026-03-26T18:30:08.581264200Z</date>
  <millis>1774549808581</millis>
  <nanos>264200</nanos>
  <sequence>10</sequence>
  <logger>group7.capstone.APIController.GoogleMapsAPIController</logger>
  <level>INFO</level>
  <class>group7.capstone.APIController.GoogleMapsAPIController</class>
  <method>GetStreetViewImage</method>
  <thread>46</thread>
  <message>requesting image from: lat=45.419101525036545, lon=-75.69955529268233, heading=147</message>
</record>
<record>
  <date>2026-03-26T18:30:08.730489900Z</date>
  <millis>1774549808730</millis>
  <nanos>489900</nanos>
  <sequence>11</sequence>
  <logger>group7.capstone.APIController.GoogleMapsAPIController</logger>
  <level>INFO</level>
  <class>group7.capstone.APIController.GoogleMapsAPIController</class>
  <method>GetMapImage</method>
  <thread>47</thread>
  <message>result returned is probably map</message>
</record>
<record>
  <date>2026-03-26T18:30:08.801780100Z</date>
  <millis>1774549808801</millis>
  <nanos>780100</nanos>
  <sequence>12</sequence>
  <logger>group7.capstone.APIController.GoogleMapsAPIController</logger>
  <level>INFO</level>
  <class>group7.capstone.APIController.GoogleMapsAPIController</class>
  <method>GetStreetViewImage</method>
  <thread>46</thread>
  <message>result returned is probably image</message>
</record>
<record>
  <date>2026-03-26T18:30:17.776929800Z</date>
  <millis>1774549817776</millis>
  <nanos>929800</nanos>
  <sequence>13</sequence>
  <logger>group7.capstone.APIController.GoogleMapsAPIController</logger>
  <level>INFO</level>
  <class>group7.capstone.APIController.GoogleMapsAPIController</class>
  <method>GetStreetViewImage</method>
  <thread>51</thread>
  <message>requesting image from: lat=45.41904219360216, lon=-75.69949945008098, heading=151</message>
</record>
<record>
  <date>2026-03-26T18:30:17.776929800Z</date>
  <millis>1774549817776</millis>
  <nanos>929800</nanos>
  <sequence>14</sequence>
  <logger>group7.capstone.APIController.GoogleMapsAPIController</logger>
  <level>INFO</level>
  <class>group7.capstone.APIController.GoogleMapsAPIController</class>
  <method>GetMapImage</method>
  <thread>52</thread>
  <message>requesting map from: lat=45.41904219360216, lon=-75.69949945008098</message>
</record>
<record>
  <date>2026-03-26T18:30:17.892226Z</date>
  <millis>1774549817892</millis>
  <nanos>226000</nanos>
  <sequence>15</sequence>
  <logger>group7.capstone.APIController.GoogleMapsAPIController</logger>
  <level>INFO</level>
  <class>group7.capstone.APIController.GoogleMapsAPIController</class>
  <method>getStreet</method>
  <thread>1</thread>
  <message>finding closest road to: lat=45.41901252787052, lon=-75.69947152882031</message>
</record>
<record>
  <date>2026-03-26T18:30:17.909497100Z</date>
  <millis>1774549817909</millis>
  <nanos>497100</nanos>
  <sequence>16</sequence>
  <logger>group7.capstone.APIController.GoogleMapsAPIController</logger>
  <level>INFO</level>
  <class>group7.capstone.APIController.GoogleMapsAPIController</class>
  <method>GetMapImage</method>
  <thread>52</thread>
  <message>result returned is probably map</message>
</record>
<record>
  <date>2026-03-26T18:30:17.940508100Z</date>
  <millis>1774549817940</millis>
  <nanos>508100</nanos>
  <sequence>17</sequence>
  <logger>group7.capstone.APIController.GoogleMapsAPIController</logger>
  <level>INFO</level>
  <class>group7.capstone.APIController.GoogleMapsAPIController</class>
  <method>getStreet</method>
  <thread>1</thread>
  <message>result returned properly</message>
</record>
<record>
  <date>2026-03-26T18:30:17.942460600Z</date>
  <millis>1774549817942</millis>
  <nanos>460600</nanos>
  <sequence>18</sequence>
  <logger>group7.capstone.APIController.GoogleMapsAPIController</logger>
  <level>INFO</level>
  <class>group7.capstone.APIController.GoogleMapsAPIController</class>
  <method>getStreet</method>
  <thread>1</thread>
  <message>exiting getStreet function</message>
</record>
<record>
  <date>2026-03-26T18:30:17.948471Z</date>
  <millis>1774549817948</millis>
  <nanos>471000</nanos>
  <sequence>19</sequence>
  <logger>group7.capstone.APIController.GoogleMapsAPIController</logger>
  <level>INFO</level>
  <class>group7.capstone.APIController.GoogleMapsAPIController</class>
  <method>GetStreetViewImage</method>
  <thread>51</thread>
  <message>result returned is probably image</message>
</record>
<record>
  <date>2026-03-26T18:30:19.346659Z</date>
  <millis>1774549819346</millis>
  <nanos>659000</nanos>
  <sequence>20</sequence>
  <logger>group7.capstone.APIController.GoogleMapsAPIController</logger>
  <level>INFO</level>
  <class>group7.capstone.APIController.GoogleMapsAPIController</class>
  <method>GetStreetViewImage</method>
  <thread>53</thread>
  <message>requesting image from: lat=45.41889386484753, lon=-75.69935984404434, heading=150</message>
</record>
<record>
  <date>2026-03-26T18:30:19.346659Z</date>
  <millis>1774549819346</millis>
  <nanos>659000</nanos>
  <sequence>21</sequence>
  <logger>group7.capstone.APIController.GoogleMapsAPIController</logger>
  <level>INFO</level>
  <class>group7.capstone.APIController.GoogleMapsAPIController</class>
  <method>GetMapImage</method>
  <thread>54</thread>
  <message>requesting map from: lat=45.41889386484753, lon=-75.69935984404434</message>
</record>
<record>
  <date>2026-03-26T18:30:19.458273800Z</date>
  <millis>1774549819458</millis>
  <nanos>273800</nanos>
  <sequence>22</sequence>
  <logger>group7.capstone.APIController.GoogleMapsAPIController</logger>
  <level>INFO</level>
  <class>group7.capstone.APIController.GoogleMapsAPIController</class>
  <method>GetMapImage</method>
  <thread>54</thread>
  <message>result returned is probably map</message>
</record>
<record>
  <date>2026-03-26T18:30:19.521804Z</date>
  <millis>1774549819521</millis>
  <nanos>804000</nanos>
  <sequence>23</sequence>
  <logger>group7.capstone.APIController.GoogleMapsAPIController</logger>
  <level>INFO</level>
  <class>group7.capstone.APIController.GoogleMapsAPIController</class>
  <method>GetStreetViewImage</method>
  <thread>53</thread>
  <message>result returned is probably image</message>
</record>
<record>
  <date>2026-03-26T18:30:19.962385200Z</date>
  <millis>1774549819962</millis>
  <nanos>385200</nanos>
  <sequence>24</sequence>
  <logger>group7.capstone.APIController.GoogleMapsAPIController</logger>
  <level>INFO</level>
  <class>group7.capstone.APIController.GoogleMapsAPIController</class>
  <method>getStreet</method>
  <thread>1</thread>
  <message>finding closest road to: lat=45.41882671208549, lon=-75.699297997383</message>
</record>
<record>
  <date>2026-03-26T18:30:20.011166600Z</date>
  <millis>1774549820011</millis>
  <nanos>166600</nanos>
  <sequence>25</sequence>
  <logger>group7.capstone.APIController.GoogleMapsAPIController</logger>
  <level>INFO</level>
  <class>group7.capstone.APIController.GoogleMapsAPIController</class>
  <method>getStreet</method>
  <thread>1</thread>
  <message>result returned properly</message>
</record>
<record>
  <date>2026-03-26T18:30:20.012200600Z</date>
  <millis>1774549820012</millis>
  <nanos>200600</nanos>
  <sequence>26</sequence>
  <logger>group7.capstone.APIController.GoogleMapsAPIController</logger>
  <level>INFO</level>
  <class>group7.capstone.APIController.GoogleMapsAPIController</class>
  <method>getStreet</method>
  <thread>1</thread>
  <message>exiting getStreet function</message>
</record>
<record>
  <date>2026-03-26T18:30:20.913522500Z</date>
  <millis>1774549820913</millis>
  <nanos>522500</nanos>
  <sequence>27</sequence>
  <logger>group7.capstone.APIController.GoogleMapsAPIController</logger>
  <level>INFO</level>
  <class>group7.capstone.APIController.GoogleMapsAPIController</class>
  <method>GetStreetViewImage</method>
  <thread>57</thread>
  <message>requesting image from: lat=45.41869981734508, lon=-75.69918947095485, heading=146</message>
</record>
<record>
  <date>2026-03-26T18:30:20.913522500Z</date>
  <millis>1774549820913</millis>
  <nanos>522500</nanos>
  <sequence>28</sequence>
  <logger>group7.capstone.APIController.GoogleMapsAPIController</logger>
  <level>INFO</level>
  <class>group7.capstone.APIController.GoogleMapsAPIController</class>
  <method>GetMapImage</method>
  <thread>58</thread>
  <message>requesting map from: lat=45.41869981734508, lon=-75.69918947095485</message>
</record>
<record>
  <date>2026-03-26T18:30:21.012372700Z</date>
  <millis>1774549821012</millis>
  <nanos>372700</nanos>
  <sequence>29</sequence>
  <logger>group7.capstone.APIController.GoogleMapsAPIController</logger>
  <level>INFO</level>
  <class>group7.capstone.APIController.GoogleMapsAPIController</class>
  <method>GetMapImage</method>
  <thread>58</thread>
  <message>result returned is probably map</message>
</record>
<record>
  <date>2026-03-26T18:30:21.098719800Z</date>
  <millis>1774549821098</millis>
  <nanos>719800</nanos>
  <sequence>30</sequence>
  <logger>group7.capstone.APIController.GoogleMapsAPIController</logger>
  <level>INFO</level>
  <class>group7.capstone.APIController.GoogleMapsAPIController</class>
  <method>GetStreetViewImage</method>
  <thread>57</thread>
  <message>result returned is probably image</message>
</record>
<record>
  <date>2026-03-26T18:30:21.514375700Z</date>
  <millis>1774549821514</millis>
  <nanos>375700</nanos>
  <sequence>31</sequence>
  <logger>group7.capstone.APIController.GoogleMapsAPIController</logger>
  <level>INFO</level>
  <class>group7.capstone.APIController.GoogleMapsAPIController</class>
  <method>getStreet</method>
  <thread>1</thread>
  <message>finding closest road to: lat=45.41860757690772, lon=-75.69911058289914</message>
</record>
<record>
  <date>2026-03-26T18:30:21.580750500Z</date>
  <millis>1774549821580</millis>
  <nanos>750500</nanos>
  <sequence>32</sequence>
  <logger>group7.capstone.APIController.GoogleMapsAPIController</logger>
  <level>INFO</level>
  <class>group7.capstone.APIController.GoogleMapsAPIController</class>
  <method>getStreet</method>
  <thread>1</thread>
  <message>result returned properly</message>
</record>
<record>
  <date>2026-03-26T18:30:21.581715900Z</date>
  <millis>1774549821581</millis>
  <nanos>715900</nanos>
  <sequence>33</sequence>
  <logger>group7.capstone.APIController.GoogleMapsAPIController</logger>
  <level>INFO</level>
  <class>group7.capstone.APIController.GoogleMapsAPIController</class>
  <method>getStreet</method>
  <thread>1</thread>
  <message>exiting getStreet function</message>
</record>
<record>
  <date>2026-03-26T18:30:21.734007300Z</date>
  <millis>1774549821734</millis>
  <nanos>7300</nanos>
  <sequence>34</sequence>
  <logger>group7.capstone.APIController.GoogleMapsAPIController</logger>
  <level>INFO</level>
  <class>group7.capstone.APIController.GoogleMapsAPIController</class>
  <method>GetMapImage</method>
  <thread>47</thread>
  <message>requesting map from: lat=45.41857627183758, lon=-75.69908380950332</message>
</record>
<record>
  <date>2026-03-26T18:30:21.734007300Z</date>
  <millis>1774549821734</millis>
  <nanos>7300</nanos>
  <sequence>35</sequence>
  <logger>group7.capstone.APIController.GoogleMapsAPIController</logger>
  <level>INFO</level>
  <class>group7.capstone.APIController.GoogleMapsAPIController</class>
  <method>GetStreetViewImage</method>
  <thread>46</thread>
  <message>requesting image from: lat=45.41857627183758, lon=-75.69908380950332, heading=146</message>
</record>
<record>
  <date>2026-03-26T18:30:21.866026800Z</date>
  <millis>1774549821866</millis>
  <nanos>26800</nanos>
  <sequence>36</sequence>
  <logger>group7.capstone.APIController.GoogleMapsAPIController</logger>
  <level>INFO</level>
  <class>group7.capstone.APIController.GoogleMapsAPIController</class>
  <method>GetMapImage</method>
  <thread>47</thread>
  <message>result returned is probably map</message>
</record>
<record>
  <date>2026-03-26T18:30:21.894657300Z</date>
  <millis>1774549821894</millis>
  <nanos>657300</nanos>
  <sequence>37</sequence>
  <logger>group7.capstone.APIController.GoogleMapsAPIController</logger>
  <level>INFO</level>
  <class>group7.capstone.APIController.GoogleMapsAPIController</class>
  <method>GetStreetViewImage</method>
  <thread>46</thread>
  <message>result returned is probably image</message>
</record>
<record>
  <date>2026-03-26T18:30:22.500676300Z</date>
  <millis>1774549822500</millis>
  <nanos>676300</nanos>
  <sequence>39</sequence>
  <logger>group7.capstone.APIController.GoogleMapsAPIController</logger>
  <level>INFO</level>
  <class>group7.capstone.APIController.GoogleMapsAPIController</class>
  <method>GetStreetViewImage</method>
  <thread>51</thread>
  <message>requesting image from: lat=45.418448238360746, lon=-75.6989819064895, heading=146</message>
</record>
<record>
  <date>2026-03-26T18:30:22.500676300Z</date>
  <millis>1774549822500</millis>
  <nanos>676300</nanos>
  <sequence>38</sequence>
  <logger>group7.capstone.APIController.GoogleMapsAPIController</logger>
  <level>INFO</level>
  <class>group7.capstone.APIController.GoogleMapsAPIController</class>
  <method>GetMapImage</method>
  <thread>52</thread>
  <message>requesting map from: lat=45.418448238360746, lon=-75.6989819064895</message>
</record>
<record>
  <date>2026-03-26T18:30:22.631653200Z</date>
  <millis>1774549822631</millis>
  <nanos>653200</nanos>
  <sequence>40</sequence>
  <logger>group7.capstone.APIController.GoogleMapsAPIController</logger>
  <level>INFO</level>
  <class>group7.capstone.APIController.GoogleMapsAPIController</class>
  <method>GetMapImage</method>
  <thread>52</thread>
  <message>result returned is probably map</message>
</record>
<record>
  <date>2026-03-26T18:30:22.674494200Z</date>
  <millis>1774549822674</millis>
  <nanos>494200</nanos>
  <sequence>41</sequence>
  <logger>group7.capstone.APIController.GoogleMapsAPIController</logger>
  <level>INFO</level>
  <class>group7.capstone.APIController.GoogleMapsAPIController</class>
  <method>GetStreetViewImage</method>
  <thread>51</thread>
  <message>result returned is probably image</message>
</record>
<record>
  <date>2026-03-26T18:30:23.084287100Z</date>
  <millis>1774549823084</millis>
  <nanos>287100</nanos>
  <sequence>42</sequence>
  <logger>group7.capstone.APIController.GoogleMapsAPIController</logger>
  <level>INFO</level>
  <class>group7.capstone.APIController.GoogleMapsAPIController</class>
  <method>getStreet</method>
  <thread>1</thread>
  <message>finding closest road to: lat=45.41835347575976, lon=-75.6989044923952</message>
</record>
<record>
  <date>2026-03-26T18:30:23.137145Z</date>
  <millis>1774549823137</millis>
  <nanos>145000</nanos>
  <sequence>43</sequence>
  <logger>group7.capstone.APIController.GoogleMapsAPIController</logger>
  <level>INFO</level>
  <class>group7.capstone.APIController.GoogleMapsAPIController</class>
  <method>getStreet</method>
  <thread>1</thread>
  <message>result returned properly</message>
</record>
<record>
  <date>2026-03-26T18:30:23.139139300Z</date>
  <millis>1774549823139</millis>
  <nanos>139300</nanos>
  <sequence>44</sequence>
  <logger>group7.capstone.APIController.GoogleMapsAPIController</logger>
  <level>INFO</level>
  <class>group7.capstone.APIController.GoogleMapsAPIController</class>
  <method>getStreet</method>
  <thread>1</thread>
  <message>exiting getStreet function</message>
</record>
<record>
  <date>2026-03-26T18:30:23.306874Z</date>
  <millis>1774549823306</millis>
  <nanos>874000</nanos>
  <sequence>45</sequence>
  <logger>group7.capstone.APIController.GoogleMapsAPIController</logger>
  <level>INFO</level>
  <class>group7.capstone.APIController.GoogleMapsAPIController</class>
  <method>GetMapImage</method>
  <thread>54</thread>
  <message>requesting map from: lat=45.418321962051046, lon=-75.69887812716904</message>
</record>
<record>
  <date>2026-03-26T18:30:23.306874Z</date>
  <millis>1774549823306</millis>
  <nanos>874000</nanos>
  <sequence>46</sequence>
  <logger>group7.capstone.APIController.GoogleMapsAPIController</logger>
  <level>INFO</level>
  <class>group7.capstone.APIController.GoogleMapsAPIController</class>
  <method>GetStreetViewImage</method>
  <thread>53</thread>
  <message>requesting image from: lat=45.418321962051046, lon=-75.69887812716904, heading=146</message>
</record>
<record>
  <date>2026-03-26T18:30:23.427983800Z</date>
  <millis>1774549823427</millis>
  <nanos>983800</nanos>
  <sequence>47</sequence>
  <logger>group7.capstone.APIController.GoogleMapsAPIController</logger>
  <level>INFO</level>
  <class>group7.capstone.APIController.GoogleMapsAPIController</class>
  <method>GetMapImage</method>
  <thread>54</thread>
  <message>result returned is probably map</message>
</record>
<record>
  <date>2026-03-26T18:30:23.474861500Z</date>
  <millis>1774549823474</millis>
  <nanos>861500</nanos>
  <sequence>48</sequence>
  <logger>group7.capstone.APIController.GoogleMapsAPIController</logger>
  <level>INFO</level>
  <class>group7.capstone.APIController.GoogleMapsAPIController</class>
  <method>GetStreetViewImage</method>
  <thread>53</thread>
  <message>result returned is probably image</message>
</record>
<record>
  <date>2026-03-26T18:30:24.073579700Z</date>
  <millis>1774549824073</millis>
  <nanos>579700</nanos>
  <sequence>49</sequence>
  <logger>group7.capstone.APIController.GoogleMapsAPIController</logger>
  <level>INFO</level>
  <class>group7.capstone.APIController.GoogleMapsAPIController</class>
  <method>GetStreetViewImage</method>
  <thread>57</thread>
  <message>requesting image from: lat=45.41822742086137, lon=-75.69879903164441, heading=146</message>
</record>
<record>
  <date>2026-03-26T18:30:24.073579700Z</date>
  <millis>1774549824073</millis>
  <nanos>579700</nanos>
  <sequence>50</sequence>
  <logger>group7.capstone.APIController.GoogleMapsAPIController</logger>
  <level>INFO</level>
  <class>group7.capstone.APIController.GoogleMapsAPIController</class>
  <method>GetMapImage</method>
  <thread>58</thread>
  <message>requesting map from: lat=45.41822742086137, lon=-75.69879903164441</message>
</record>
<record>
  <date>2026-03-26T18:30:24.181178900Z</date>
  <millis>1774549824181</millis>
  <nanos>178900</nanos>
  <sequence>51</sequence>
  <logger>group7.capstone.APIController.GoogleMapsAPIController</logger>
  <level>INFO</level>
  <class>group7.capstone.APIController.GoogleMapsAPIController</class>
  <method>GetMapImage</method>
  <thread>58</thread>
  <message>result returned is probably map</message>
</record>
<record>
  <date>2026-03-26T18:30:24.258234900Z</date>
  <millis>1774549824258</millis>
  <nanos>234900</nanos>
  <sequence>52</sequence>
  <logger>group7.capstone.APIController.GoogleMapsAPIController</logger>
  <level>INFO</level>
  <class>group7.capstone.APIController.GoogleMapsAPIController</class>
  <method>GetStreetViewImage</method>
  <thread>57</thread>
  <message>result returned is probably image</message>
</record>
<record>
  <date>2026-03-26T18:30:24.640039900Z</date>
  <millis>1774549824640</millis>
  <nanos>39900</nanos>
  <sequence>53</sequence>
  <logger>group7.capstone.APIController.GoogleMapsAPIController</logger>
  <level>INFO</level>
  <class>group7.capstone.APIController.GoogleMapsAPIController</class>
  <method>getStreet</method>
  <thread>1</thread>
  <message>finding closest road to: lat=45.418164393346956, lon=-75.69874630142147</message>
</record>
<record>
  <date>2026-03-26T18:30:24.693774700Z</date>
  <millis>1774549824693</millis>
  <nanos>774700</nanos>
  <sequence>54</sequence>
  <logger>group7.capstone.APIController.GoogleMapsAPIController</logger>
  <level>INFO</level>
  <class>group7.capstone.APIController.GoogleMapsAPIController</class>
  <method>getStreet</method>
  <thread>1</thread>
  <message>result returned properly</message>
</record>
<record>
  <date>2026-03-26T18:30:24.695795400Z</date>
  <millis>1774549824695</millis>
  <nanos>795400</nanos>
  <sequence>55</sequence>
  <logger>group7.capstone.APIController.GoogleMapsAPIController</logger>
  <level>INFO</level>
  <class>group7.capstone.APIController.GoogleMapsAPIController</class>
  <method>getStreet</method>
  <thread>1</thread>
  <message>exiting getStreet function</message>
</record>
</log>
